<?xml version="1.0" encoding="UTF-8"?>
<!-- Generated by org.testng.reporters.JUnitReportReporter -->
<testsuite skipped="0" hostname="kirans-MacBook-Pro-2.local" name="com.rest.MevanDemo.AppTest" tests="1" failures="0" timestamp="16 Nov 2017 20:09:38 GMT" time="0.010" errors="0">
  <testcase name="test" time="0.010" classname="com.rest.MevanDemo.AppTest"/>
</testsuite> <!-- com.rest.MevanDemo.AppTest -->
